  datoteka.c
  izbornik.c
  koncerti.c
  main.c
C:\Users\patri\Desktop\Kalendar koncerata\koncerti.c(24,5): warning C4996: 'scanf': This function or variable may be unsafe. Consider using scanf_s instead. To disable deprecation, use _CRT_SECURE_NO_WARNINGS. See online help for details.
  Generating Code...
C:\Users\patri\Desktop\Kalendar koncerata\koncerti.c(35,5): warning C4996: 'scanf': This function or variable may be unsafe. Consider using scanf_s instead. To disable deprecation, use _CRT_SECURE_NO_WARNINGS. See online help for details.
C:\Users\patri\Desktop\Kalendar koncerata\koncerti.c(38,5): warning C4996: 'scanf': This function or variable may be unsafe. Consider using scanf_s instead. To disable deprecation, use _CRT_SECURE_NO_WARNINGS. See online help for details.
C:\Users\patri\Desktop\Kalendar koncerata\koncerti.c(41,5): warning C4996: 'scanf': This function or variable may be unsafe. Consider using scanf_s instead. To disable deprecation, use _CRT_SECURE_NO_WARNINGS. See online help for details.
C:\Users\patri\Desktop\Kalendar koncerata\koncerti.c(45,5): warning C4996: 'scanf': This function or variable may be unsafe. Consider using scanf_s instead. To disable deprecation, use _CRT_SECURE_NO_WARNINGS. See online help for details.
C:\Users\patri\Desktop\Kalendar koncerata\koncerti.c(64,5): warning C4996: 'scanf': This function or variable may be unsafe. Consider using scanf_s instead. To disable deprecation, use _CRT_SECURE_NO_WARNINGS. See online help for details.
C:\Users\patri\Desktop\Kalendar koncerata\koncerti.c(77,13): warning C4996: 'scanf': This function or variable may be unsafe. Consider using scanf_s instead. To disable deprecation, use _CRT_SECURE_NO_WARNINGS. See online help for details.
C:\Users\patri\Desktop\Kalendar koncerata\koncerti.c(80,13): warning C4996: 'scanf': This function or variable may be unsafe. Consider using scanf_s instead. To disable deprecation, use _CRT_SECURE_NO_WARNINGS. See online help for details.
C:\Users\patri\Desktop\Kalendar koncerata\koncerti.c(83,13): warning C4996: 'scanf': This function or variable may be unsafe. Consider using scanf_s instead. To disable deprecation, use _CRT_SECURE_NO_WARNINGS. See online help for details.
C:\Users\patri\Desktop\Kalendar koncerata\koncerti.c(94,5): warning C4996: 'scanf': This function or variable may be unsafe. Consider using scanf_s instead. To disable deprecation, use _CRT_SECURE_NO_WARNINGS. See online help for details.
C:\Users\patri\Desktop\Kalendar koncerata\koncerti.c(128,34): warning C4244: 'return': conversion from 'float' to 'int', possible loss of data
C:\Users\patri\Desktop\Kalendar koncerata\koncerti.c(146,5): warning C4996: 'scanf': This function or variable may be unsafe. Consider using scanf_s instead. To disable deprecation, use _CRT_SECURE_NO_WARNINGS. See online help for details.
C:\Users\patri\Desktop\Kalendar koncerata\main.c(16,9): warning C4996: 'scanf': This function or variable may be unsafe. Consider using scanf_s instead. To disable deprecation, use _CRT_SECURE_NO_WARNINGS. See online help for details.
C:\Users\patri\Desktop\Kalendar koncerata\main.c(32,17): warning C4996: 'scanf': This function or variable may be unsafe. Consider using scanf_s instead. To disable deprecation, use _CRT_SECURE_NO_WARNINGS. See online help for details.
  Kalendar koncerata - Pesa.vcxproj -> C:\Users\patri\Desktop\Kalendar koncerata - Pesa\x64\Debug\Kalendar koncerata - Pesa.exe
C:\Program Files\Microsoft Visual Studio\2022\Community\MSBuild\Microsoft\VC\v170\Microsoft.MetaGen.targets(52,5): warning MSB4018: The "METAGEN" task failed unexpectedly.
C:\Program Files\Microsoft Visual Studio\2022\Community\MSBuild\Microsoft\VC\v170\Microsoft.MetaGen.targets(52,5): warning MSB4018: System.BadImageFormatException: Could not load file or assembly 'file:///C:\Users\patri\Desktop\Kalendar koncerata - Pesa\x64\Debug\Kalendar koncerata - Pesa.exe' or one of its dependencies. The module was expected to contain an assembly manifest.
C:\Program Files\Microsoft Visual Studio\2022\Community\MSBuild\Microsoft\VC\v170\Microsoft.MetaGen.targets(52,5): warning MSB4018: File name: 'file:///C:\Users\patri\Desktop\Kalendar koncerata - Pesa\x64\Debug\Kalendar koncerata - Pesa.exe'
C:\Program Files\Microsoft Visual Studio\2022\Community\MSBuild\Microsoft\VC\v170\Microsoft.MetaGen.targets(52,5): warning MSB4018:    at System.Reflection.RuntimeAssembly._nLoad(AssemblyName fileName, String codeBase, Evidence assemblySecurity, RuntimeAssembly locationHint, StackCrawlMark& stackMark, IntPtr pPrivHostBinder, Boolean throwOnFileNotFound, Boolean forIntrospection, Boolean suppressSecurityChecks)
C:\Program Files\Microsoft Visual Studio\2022\Community\MSBuild\Microsoft\VC\v170\Microsoft.MetaGen.targets(52,5): warning MSB4018:    at System.Reflection.RuntimeAssembly.InternalLoadAssemblyName(AssemblyName assemblyRef, Evidence assemblySecurity, RuntimeAssembly reqAssembly, StackCrawlMark& stackMark, IntPtr pPrivHostBinder, Boolean throwOnFileNotFound, Boolean forIntrospection, Boolean suppressSecurityChecks)
C:\Program Files\Microsoft Visual Studio\2022\Community\MSBuild\Microsoft\VC\v170\Microsoft.MetaGen.targets(52,5): warning MSB4018:    at System.Reflection.RuntimeAssembly.InternalLoadFrom(String assemblyFile, Evidence securityEvidence, Byte[] hashValue, AssemblyHashAlgorithm hashAlgorithm, Boolean forIntrospection, Boolean suppressSecurityChecks, StackCrawlMark& stackMark)
C:\Program Files\Microsoft Visual Studio\2022\Community\MSBuild\Microsoft\VC\v170\Microsoft.MetaGen.targets(52,5): warning MSB4018:    at System.Reflection.Assembly.ReflectionOnlyLoadFrom(String assemblyFile)
C:\Program Files\Microsoft Visual Studio\2022\Community\MSBuild\Microsoft\VC\v170\Microsoft.MetaGen.targets(52,5): warning MSB4018:    at Microsoft.Build.CPPTasks.MetaDumper.GenerateAssemblyMeta(String theModule, String refSearchPath)
C:\Program Files\Microsoft Visual Studio\2022\Community\MSBuild\Microsoft\VC\v170\Microsoft.MetaGen.targets(52,5): warning MSB4018:    at Microsoft.Build.CPPTasks.MetaDumper.GenerateAssemblyMeta(String theModule, String refSearchPath)
C:\Program Files\Microsoft Visual Studio\2022\Community\MSBuild\Microsoft\VC\v170\Microsoft.MetaGen.targets(52,5): warning MSB4018:    at Microsoft.Build.CPPTasks.AsmMeta.CreateMeta(String assemblyFileName, String searchPath, String metaFileName)
C:\Program Files\Microsoft Visual Studio\2022\Community\MSBuild\Microsoft\VC\v170\Microsoft.MetaGen.targets(52,5): warning MSB4018:    at Microsoft.Build.CPPTasks.METAGEN.Execute()
C:\Program Files\Microsoft Visual Studio\2022\Community\MSBuild\Microsoft\VC\v170\Microsoft.MetaGen.targets(52,5): warning MSB4018:    at Microsoft.Build.BackEnd.TaskExecutionHost.Execute()
C:\Program Files\Microsoft Visual Studio\2022\Community\MSBuild\Microsoft\VC\v170\Microsoft.MetaGen.targets(52,5): warning MSB4018:    at Microsoft.Build.BackEnd.TaskBuilder.<ExecuteInstantiatedTask>d__26.MoveNext()
C:\Program Files\Microsoft Visual Studio\2022\Community\MSBuild\Microsoft\VC\v170\Microsoft.MetaGen.targets(52,5): warning MSB4018: 
C:\Program Files\Microsoft Visual Studio\2022\Community\MSBuild\Microsoft\VC\v170\Microsoft.MetaGen.targets(52,5): warning MSB4018: WRN: Assembly binding logging is turned OFF.
C:\Program Files\Microsoft Visual Studio\2022\Community\MSBuild\Microsoft\VC\v170\Microsoft.MetaGen.targets(52,5): warning MSB4018: To enable assembly bind failure logging, set the registry value [HKLM\Software\Microsoft\Fusion!EnableLog] (DWORD) to 1.
C:\Program Files\Microsoft Visual Studio\2022\Community\MSBuild\Microsoft\VC\v170\Microsoft.MetaGen.targets(52,5): warning MSB4018: Note: There is some performance penalty associated with assembly bind failure logging.
C:\Program Files\Microsoft Visual Studio\2022\Community\MSBuild\Microsoft\VC\v170\Microsoft.MetaGen.targets(52,5): warning MSB4018: To turn this feature off, remove the registry value [HKLM\Software\Microsoft\Fusion!EnableLog].
C:\Program Files\Microsoft Visual Studio\2022\Community\MSBuild\Microsoft\VC\v170\Microsoft.MetaGen.targets(52,5): warning MSB4018: 
